<?xml version="1.0" encoding="UTF-8"?>
<!-- Generated by org.testng.reporters.JUnitReportReporter -->
<testsuite skipped="0" hostname="TST-HH7P8H2" name="com.addigy.tests.SignUpTest" tests="2" failures="0" timestamp="16 Jan 2020 01:25:04 GMT" time="12.072" errors="0">
  <testcase name="signUpTest" time="8.445" classname="com.addigy.tests.SignUpTest"/>
  <testcase name="verifyConfirmationPage" time="3.627" classname="com.addigy.tests.SignUpTest"/>
</testsuite> <!-- com.addigy.tests.SignUpTest -->
